[GIN] 2015/08/16 - 22:33:38 |[97;42m 200 [0m|   15.516421ms | [::1]:65100 |[97;44m  [0m GET     /api/v1/tasks/1
[GIN] 2015/08/16 - 22:34:08 |[97;42m 200 [0m|    1.034995ms | [::1]:65100 |[97;44m  [0m GET     /api/v1/tasks/1
[GIN] 2015/08/16 - 22:34:09 |[97;42m 200 [0m|     759.877µs | [::1]:65100 |[97;44m  [0m GET     /api/v1/tasks/1
[GIN] 2015/08/16 - 22:34:46 |[97;42m 200 [0m|     522.484µs | [::1]:65100 |[97;44m  [0m GET     /api/v1/tasks/1
[GIN] 2015/08/16 - 22:34:48 |[97;42m 200 [0m|     900.555µs | [::1]:65100 |[97;44m  [0m GET     /api/v1/tasks/1
[GIN] 2015/08/16 - 22:34:51 |[97;41m 500 [0m|     325.798µs | [::1]:65100 |[97;44m  [0m GET     /api/v1/tasks/1a
[GIN] 2015/08/16 - 23:01:37 |[97;42m 200 [0m|   15.293398ms | [::1]:65465 |[97;44m  [0m GET     /api/v1/tasks/1
[GIN] 2015/08/16 - 23:01:39 |[97;42m 200 [0m|    1.118562ms | [::1]:65465 |[97;44m  [0m GET     /api/v1/tasks/1
[GIN] 2015/08/17 - 13:26:41 |[97;42m 200 [0m|   51.832387ms | [::1]:57411 |[97;44m  [0m GET     /api/v1/tasks/1
[GIN] 2015/08/17 - 13:27:44 |[97;42m 200 [0m|    2.699456ms | [::1]:57411 |[97;46m  [0m POST    /auth
[GIN] 2015/08/17 - 13:28:15 |[97;42m 200 [0m|     154.292µs | [::1]:57411 |[97;46m  [0m POST    /auth
[GIN] 2015/08/17 - 13:28:28 |[97;42m 200 [0m|      93.978µs | [::1]:57411 |[97;46m  [0m POST    /auth
[GIN] 2015/08/17 - 13:30:00 |[97;42m 200 [0m|    7.116439ms | [::1]:57453 |[97;46m  [0m POST    /auth
[GIN] 2015/08/17 - 13:30:16 |[97;42m 200 [0m|     190.515µs | [::1]:57453 |[97;46m  [0m POST    /auth
[GIN] 2015/08/17 - 13:30:17 |[97;42m 200 [0m|     110.606µs | [::1]:57453 |[97;46m  [0m POST    /auth
[GIN] 2015/08/17 - 13:30:18 |[97;42m 200 [0m|      94.494µs | [::1]:57453 |[97;46m  [0m POST    /auth
[GIN] 2015/08/17 - 13:30:21 |[97;42m 200 [0m|      92.917µs | [::1]:57453 |[97;46m  [0m POST    /auth
[GIN] 2015/08/17 - 13:30:22 |[97;42m 200 [0m|     109.195µs | [::1]:57453 |[97;46m  [0m POST    /auth
[GIN] 2015/08/17 - 13:30:24 |[97;42m 200 [0m|      97.151µs | [::1]:57453 |[97;46m  [0m POST    /auth
[GIN] 2015/08/17 - 13:30:25 |[97;42m 200 [0m|     174.338µs | [::1]:57453 |[97;46m  [0m POST    /auth
[GIN] 2015/08/17 - 13:30:26 |[97;42m 200 [0m|     101.457µs | [::1]:57453 |[97;46m  [0m POST    /auth
[GIN] 2015/08/17 - 13:30:27 |[97;42m 200 [0m|      99.105µs | [::1]:57453 |[97;46m  [0m POST    /auth
[GIN] 2015/08/17 - 13:30:28 |[97;42m 200 [0m|      88.624µs | [::1]:57453 |[97;46m  [0m POST    /auth
[GIN] 2015/08/17 - 13:30:28 |[97;42m 200 [0m|     113.094µs | [::1]:57453 |[97;46m  [0m POST    /auth
[GIN] 2015/08/17 - 13:31:05 |[97;43m 401 [0m|     262.119µs | [::1]:57482 |[97;46m  [0m POST    /auth
[GIN] 2015/08/17 - 13:32:44 |[97;43m 401 [0m|      96.351µs | [::1]:57482 |[97;46m  [0m POST    /auth
[GIN] 2015/08/17 - 13:32:57 |[97;42m 200 [0m|     285.814µs | [::1]:57530 |[97;46m  [0m POST    /auth
[GIN] 2015/08/17 - 13:33:33 |[97;42m 200 [0m|     117.391µs | [::1]:57530 |[97;46m  [0m POST    /auth
[GIN] 2015/08/17 - 13:33:56 |[97;42m 200 [0m|     236.919µs | [::1]:57549 |[97;46m  [0m POST    /auth
[GIN] 2015/08/17 - 13:33:57 |[97;42m 200 [0m|     123.111µs | [::1]:57549 |[97;46m  [0m POST    /auth
[GIN] 2015/08/17 - 13:34:12 |[97;42m 200 [0m|   32.683248ms | [::1]:57549 |[97;44m  [0m GET     /api/v1/tasks/1
[GIN] 2015/08/17 - 13:34:47 |[97;42m 200 [0m|    3.118911ms | [::1]:57549 |[97;44m  [0m GET     /api/v1/tasks/1
[GIN] 2015/08/17 - 14:36:49 |[97;42m 200 [0m|     164.767µs | [::1]:59631 |[97;46m  [0m POST    /auth
[GIN] 2015/08/17 - 14:51:13 |[97;43m 403 [0m|    4.967232ms | [::1]:60180 |[97;44m  [0m GET     /api/v1/tasks/2
[GIN] 2015/08/17 - 14:52:45 |[97;43m 403 [0m|      241.46µs | [::1]:60180 |[97;44m  [0m GET     /api/v1/tasks/2
[GIN] 2015/08/17 - 14:56:39 |[97;43m 403 [0m|      85.282µs | [::1]:60180 |[97;44m  [0m GET     /api/v1/tasks/2
[GIN] 2015/08/17 - 14:57:03 |[97;41m 500 [0m|     485.946µs | [::1]:60180 |[97;46m  [0m POST    /auth
[GIN] 2015/08/17 - 14:57:29 |[97;42m 200 [0m|    3.069884ms | [::1]:60180 |[97;46m  [0m POST    /auth
[GIN] 2015/08/17 - 14:57:52 |[97;43m 403 [0m|      88.591µs | [::1]:60180 |[97;44m  [0m GET     /api/v1/tasks/2
[GIN] 2015/08/17 - 14:58:09 |[97;43m 403 [0m|      64.235µs | [::1]:60180 |[97;44m  [0m GET     /api/v1/tasks/2
[GIN] 2015/08/17 - 14:58:20 |[97;43m 403 [0m|      184.61µs | [::1]:60356 |[97;44m  [0m GET     /api/v1/tasks/2
[GIN] 2015/08/17 - 14:58:41 |[97;43m 403 [0m|     165.498µs | [::1]:60364 |[97;44m  [0m GET     /api/v1/tasks/2
[GIN] 2015/08/17 - 15:07:36 |[97;42m 200 [0m|   11.609232ms | [::1]:60620 |[97;46m  [0m POST    /auth
[GIN] 2015/08/17 - 15:10:48 |[97;43m 403 [0m|    2.779821ms | [::1]:60620 |[97;44m  [0m GET     /api/v1/tasks/2
[GIN] 2015/08/17 - 15:11:01 |[97;43m 403 [0m|      66.682µs | [::1]:60620 |[97;44m  [0m GET     /api/v1/tasks/2
[GIN] 2015/08/17 - 15:11:10 |[97;43m 403 [0m|      68.734µs | [::1]:60620 |[97;44m  [0m GET     /api/v1/tasks/2
[GIN] 2015/08/17 - 15:11:14 |[97;43m 403 [0m|      63.235µs | [::1]:60620 |[97;44m  [0m GET     /api/v1/tasks/2
[GIN] 2015/08/17 - 15:12:22 |[97;43m 403 [0m|     231.078µs | [::1]:60756 |[97;44m  [0m GET     /api/v1/tasks/2
[GIN] 2015/08/17 - 15:13:39 |[97;41m 500 [0m|     222.287µs | [::1]:60797 |[97;46m  [0m POST    /auth
[GIN] 2015/08/17 - 15:13:59 |[97;41m 500 [0m|    5.076914ms | [::1]:60797 |[97;46m  [0m POST    /auth
[GIN] 2015/08/17 - 15:14:00 |[97;41m 500 [0m|     333.349µs | [::1]:60797 |[97;46m  [0m POST    /auth
[GIN] 2015/08/17 - 15:14:01 |[97;41m 500 [0m|      68.166µs | [::1]:60797 |[97;46m  [0m POST    /auth
[GIN] 2015/08/17 - 15:14:01 |[97;41m 500 [0m|      67.301µs | [::1]:60797 |[97;46m  [0m POST    /auth
[GIN] 2015/08/17 - 15:14:01 |[97;41m 500 [0m|      69.065µs | [::1]:60797 |[97;46m  [0m POST    /auth
[GIN] 2015/08/17 - 15:14:01 |[97;41m 500 [0m|     195.219µs | [::1]:60797 |[97;46m  [0m POST    /auth
[GIN] 2015/08/17 - 15:14:27 |[97;41m 500 [0m|      69.348µs | [::1]:60797 |[97;46m  [0m POST    /auth
[GIN] 2015/08/17 - 15:15:14 |[97;41m 500 [0m|     218.629µs | [::1]:60839 |[97;46m  [0m POST    /auth
[GIN] 2015/08/17 - 15:16:05 |[97;41m 500 [0m|    4.361915ms | [::1]:60839 |[97;46m  [0m POST    /auth
[GIN] 2015/08/17 - 15:22:25 |[97;41m 500 [0m|    4.916815ms | [::1]:61062 |[97;46m  [0m POST    /auth
[GIN] 2015/08/17 - 15:33:09 |[97;42m 200 [0m|     250.674µs | [::1]:61447 |[97;46m  [0m POST    /auth
[GIN] 2015/08/17 - 15:33:30 |[97;43m 403 [0m|     318.579µs | [::1]:61447 |[97;44m  [0m GET     /api/v1/tasks/2
[GIN] 2015/08/17 - 15:35:14 |[97;43m 403 [0m|    5.813345ms | [::1]:61504 |[97;44m  [0m GET     /api/v1/tasks/2
[GIN] 2015/08/17 - 15:35:15 |[97;43m 403 [0m|     870.592µs | [::1]:61504 |[97;44m  [0m GET     /api/v1/tasks/2
[GIN] 2015/08/17 - 15:35:15 |[97;43m 403 [0m|     134.791µs | [::1]:61504 |[97;44m  [0m GET     /api/v1/tasks/2
[GIN] 2015/08/17 - 15:35:15 |[97;43m 403 [0m|      96.284µs | [::1]:61504 |[97;44m  [0m GET     /api/v1/tasks/2
[GIN] 2015/08/17 - 15:35:16 |[97;43m 403 [0m|      78.419µs | [::1]:61504 |[97;44m  [0m GET     /api/v1/tasks/2
[GIN] 2015/08/17 - 15:35:16 |[97;43m 403 [0m|     214.856µs | [::1]:61504 |[97;44m  [0m GET     /api/v1/tasks/2
[GIN] 2015/08/17 - 15:35:16 |[97;43m 403 [0m|      89.381µs | [::1]:61504 |[97;44m  [0m GET     /api/v1/tasks/2
[GIN] 2015/08/17 - 15:46:28 |[97;43m 403 [0m|     283.862µs | [::1]:61704 |[97;44m  [0m GET     /api/v1/tasks/2
[GIN] 2015/08/17 - 15:56:41 |[97;43m 403 [0m|     287.628µs | [::1]:61770 |[97;44m  [0m GET     /api/v1/tasks/2
[GIN] 2015/08/17 - 15:57:06 |[97;43m 403 [0m|    7.815961ms | [::1]:61780 |[97;44m  [0m GET     /api/v1/tasks/2
2015/08/17 15:57:53 Panic recovery -> interface conversion: interface is string, not []uint8
/usr/local/Cellar/go/1.4.2/libexec/src/runtime/panic.go:387 (0x14048)
	gopanic: reflectcall(unsafe.Pointer(d.fn), deferArgs(d), uint32(d.siz), uint32(d.siz))
/usr/local/Cellar/go/1.4.2/libexec/src/runtime/iface.go:225 (0xc9a5)
	assertE2T: panic(&TypeAssertionError{"", *ep._type._string, *t._string, ""})
/Users/lazhcm10350/Go/src/github.com/seesawlabs/Dima-Kondravotych-Exercise/server/middleware/jwt.go:30 (0x179393)
	func.004: jwtSecretKey = jwtSecretKey.([]byte)
/Users/lazhcm10350/Go/src/github.com/gin-gonic/gin/context.go:95 (0x179980)
	(*Context).Next: c.handlers[c.index](c)
/Users/lazhcm10350/Go/src/github.com/seesawlabs/Dima-Kondravotych-Exercise/server/middleware/app.go:12 (0x178cb7)
	func.001: c.Next()
/Users/lazhcm10350/Go/src/github.com/gin-gonic/gin/context.go:95 (0x179980)
	(*Context).Next: c.handlers[c.index](c)
/Users/lazhcm10350/Go/src/github.com/seesawlabs/Dima-Kondravotych-Exercise/server/middleware/cors.go:10 (0x178d66)
	func.002: c.Next()
/Users/lazhcm10350/Go/src/github.com/gin-gonic/gin/context.go:95 (0x179980)
	(*Context).Next: c.handlers[c.index](c)
/Users/lazhcm10350/Go/src/github.com/gin-gonic/gin/recovery.go:43 (0x18a512)
	func.009: c.Next()
/Users/lazhcm10350/Go/src/github.com/gin-gonic/gin/context.go:95 (0x179980)
	(*Context).Next: c.handlers[c.index](c)
/Users/lazhcm10350/Go/src/github.com/gin-gonic/gin/logger.go:56 (0x189b32)
	func.007: c.Next()
/Users/lazhcm10350/Go/src/github.com/gin-gonic/gin/context.go:95 (0x179980)
	(*Context).Next: c.handlers[c.index](c)
/Users/lazhcm10350/Go/src/github.com/gin-gonic/gin/gin.go:292 (0x17fa93)
	(*Engine).handleHTTPRequest: context.Next()
/Users/lazhcm10350/Go/src/github.com/gin-gonic/gin/gin.go:273 (0x17f767)
	(*Engine).ServeHTTP: engine.handleHTTPRequest(c)
/usr/local/Cellar/go/1.4.2/libexec/src/net/http/server.go:1703 (0x235dba)
	serverHandler.ServeHTTP: handler.ServeHTTP(rw, req)
/usr/local/Cellar/go/1.4.2/libexec/src/net/http/server.go:1204 (0x233637)
	(*conn).serve: serverHandler{c.server}.ServeHTTP(w, w.req)
/usr/local/Cellar/go/1.4.2/libexec/src/runtime/asm_amd64.s:2232 (0x3e271)
	goexit: 

[GIN] 2015/08/17 - 15:57:53 |[97;41m 500 [0m|    6.574531ms | [::1]:61794 |[97;44m  [0m GET     /api/v1/tasks/2
[GIN] 2015/08/17 - 16:00:02 |[97;43m 403 [0m|     309.322µs | [::1]:61817 |[97;44m  [0m GET     /api/v1/tasks/2
[GIN] 2015/08/17 - 16:00:40 |[97;43m 403 [0m|      370.66µs | [::1]:61830 |[97;44m  [0m GET     /api/v1/tasks/2
[GIN] 2015/08/17 - 16:02:15 |[97;43m 403 [0m|       285.7µs | [::1]:61847 |[97;44m  [0m GET     /api/v1/tasks/2
[GIN] 2015/08/17 - 16:04:31 |[97;43m 403 [0m|     292.519µs | [::1]:61872 |[97;44m  [0m GET     /api/v1/tasks/2
[GIN] 2015/08/17 - 16:07:02 |[97;43m 403 [0m|    5.300154ms | [::1]:61892 |[97;44m  [0m GET     /api/v1/tasks/2
[GIN] 2015/08/17 - 16:07:03 |[97;43m 403 [0m|     876.213µs | [::1]:61892 |[97;44m  [0m GET     /api/v1/tasks/2
[GIN] 2015/08/17 - 16:07:04 |[97;43m 403 [0m|     549.592µs | [::1]:61892 |[97;44m  [0m GET     /api/v1/tasks/2
[GIN] 2015/08/17 - 16:07:04 |[97;43m 403 [0m|     121.858µs | [::1]:61892 |[97;44m  [0m GET     /api/v1/tasks/2
[GIN] 2015/08/17 - 16:07:04 |[97;43m 403 [0m|     112.023µs | [::1]:61892 |[97;44m  [0m GET     /api/v1/tasks/2
[GIN] 2015/08/17 - 16:07:04 |[97;43m 403 [0m|     121.326µs | [::1]:61892 |[97;44m  [0m GET     /api/v1/tasks/2
[GIN] 2015/08/17 - 16:07:05 |[97;43m 403 [0m|     112.001µs | [::1]:61892 |[97;44m  [0m GET     /api/v1/tasks/2
[GIN] 2015/08/17 - 16:07:05 |[97;43m 403 [0m|     511.891µs | [::1]:61892 |[97;44m  [0m GET     /api/v1/tasks/2
[GIN] 2015/08/17 - 16:07:05 |[97;43m 403 [0m|     130.664µs | [::1]:61892 |[97;44m  [0m GET     /api/v1/tasks/2
[GIN] 2015/08/17 - 16:07:06 |[97;43m 403 [0m|     119.085µs | [::1]:61892 |[97;44m  [0m GET     /api/v1/tasks/2
[GIN] 2015/08/17 - 16:07:07 |[97;43m 403 [0m|      111.09µs | [::1]:61892 |[97;44m  [0m GET     /api/v1/tasks/2
[GIN] 2015/08/17 - 16:07:47 |[97;43m 403 [0m|     355.643µs | [::1]:61905 |[97;44m  [0m GET     /api/v1/tasks/2
[GIN] 2015/08/17 - 16:09:29 |[97;43m 403 [0m|    5.314435ms | [::1]:61913 |[97;44m  [0m GET     /api/v1/tasks/2
[GIN] 2015/08/17 - 16:10:17 |[97;43m 403 [0m|     360.412µs | [::1]:61923 |[97;44m  [0m GET     /api/v1/tasks/2
[GIN] 2015/08/17 - 16:10:21 |[97;43m 403 [0m|     114.902µs | [::1]:61923 |[97;44m  [0m GET     /api/v1/tasks/2
[GIN] 2015/08/17 - 16:10:34 |[97;43m 403 [0m|     330.702µs | [::1]:61968 |[97;44m  [0m GET     /api/v1/tasks/2
[GIN] 2015/08/17 - 16:13:30 |[97;43m 403 [0m|    7.546792ms | [::1]:62024 |[97;44m  [0m GET     /api/v1/tasks/2
[GIN] 2015/08/17 - 16:14:34 |[97;42m 200 [0m|    4.773403ms | [::1]:62037 |[97;44m  [0m GET     /api/v1/tasks/2
[GIN] 2015/08/17 - 16:18:33 |[97;42m 200 [0m|    2.471545ms | [::1]:62099 |[97;44m  [0m GET     /api/v1/tasks/2
[GIN] 2015/08/17 - 16:20:00 |[97;42m 200 [0m|     3.72498ms | [::1]:62107 |[97;44m  [0m GET     /api/v1/tasks/2
[GIN] 2015/08/17 - 16:21:27 |[97;42m 200 [0m|    2.304835ms | [::1]:62134 |[97;44m  [0m GET     /api/v1/tasks/2
